<?xml version="1.0" encoding="UTF-8"?>
<!-- Generated by org.testng.reporters.JUnitReportReporter -->
<testsuite hostname="RAYHAN" failures="0" tests="4" name="test.Units.UnitTests" time="0.039" errors="0" timestamp="2023-02-28T20:50:30 GMT-05:00" skipped="3">
  <testcase classname="test.Units.UnitTests" name="DateTest" time="0.039"/>
  <system-out/>
  <testcase classname="test.Units.UnitTests" name="unitTestForPojo">
    <skipped/>
  </testcase> <!-- unitTestForPojo -->
  <system-out/>
  <testcase classname="test.Units.UnitTests" name="folderTest">
    <skipped/>
  </testcase> <!-- folderTest -->
  <system-out/>
  <testcase classname="test.Units.UnitTests" name="unitTestForOS">
    <skipped/>
  </testcase> <!-- unitTestForOS -->
  <system-out/>
</testsuite> <!-- test.Units.UnitTests -->
