<?xml version="1.0" encoding="UTF-8"?>
<!-- Generated by org.testng.reporters.JUnitReportReporter -->
<testsuite hostname="RAYHAN" failures="0" tests="1" name="test.auto.AutoQuote" time="4.571" errors="0" timestamp="2023-02-23T21:32:28 GMT-05:00" skipped="0">
  <testcase classname="test.auto.AutoQuote" name="autoTest" time="4.571"/>
  <system-out>
    <![CDATA[Validating ---> actual: Insurance designed with you in mind*** Expected: Insurance designed with you in mind<br>
[[ChromeDriver: chrome on WINDOWS (b568aa4e7f761f502040d6e27b9853f6)] -> xpath: //button[contains(text(),'Start a New Quote')]] ----> has been clicked<br>]]>
  </system-out>
</testsuite> <!-- test.auto.AutoQuote -->
