<?xml version="1.0" encoding="UTF-8"?>
<!-- Generated by org.testng.reporters.JUnitReportReporter -->
<testsuite hostname="RAYHAN" failures="0" tests="2" name="test.auto.ParameterizeAutoTest" time="10.904" errors="0" timestamp="2023-02-28T14:40:20 GMT-05:00" skipped="1">
  <testcase classname="test.auto.ParameterizeAutoTest" name="getPojoTestData" time="10.904"/>
  <system-out>
    <![CDATA[Validating ---> actual: Insurance designed with you in mind*** Expected: Insurance designed with you in mind<br>
[[ChromeDriver: chrome on WINDOWS (b6d14c24ca9a3eaeb85e715f4e9c8d3e)] -> xpath: //button[contains(text(),'Start a New Quote')]] ----> has been clicked<br>
54115 --> This value has been passed into -->[[ChromeDriver: chrome on WINDOWS (b6d14c24ca9a3eaeb85e715f4e9c8d3e)] -> xpath: //input[@id='uid_60']]<br>
[[ChromeDriver: chrome on WINDOWS (b6d14c24ca9a3eaeb85e715f4e9c8d3e)] -> xpath: //div[@value='Car']] ----> has been clicked<br>
[[ChromeDriver: chrome on WINDOWS (b6d14c24ca9a3eaeb85e715f4e9c8d3e)] -> class name: LoadingButton__content] ----> has been clicked<br>
Validating ---> actual: Verify your city and state*** Expected: Verify your city and state<br>]]>
  </system-out>
  <testcase classname="test.auto.ParameterizeAutoTest" name="parameterizeAutoTest">
    <skipped/>
  </testcase> <!-- parameterizeAutoTest -->
  <system-out/>
</testsuite> <!-- test.auto.ParameterizeAutoTest -->
