<?xml version="1.0" encoding="UTF-8"?>
<!-- Generated by org.testng.reporters.JUnitReportReporter -->
<testsuite hostname="RAYHAN" failures="0" tests="1" name="test.home.HomeQuoteTest" time="3.216" errors="0" timestamp="2023-02-27T14:47:40 GMT-05:00" skipped="0">
  <testcase classname="test.home.HomeQuoteTest" name="nonFunctionalTest" time="3.216"/>
  <system-out>
    <![CDATA[Validation non functional<br>]]>
  </system-out>
</testsuite> <!-- test.home.HomeQuoteTest -->
